<?xml version="1.0" encoding="UTF-8"?>
<testng-results ignored="0" total="1" passed="1" failed="0" skipped="0">
  <reporter-output>
  </reporter-output>
  <suite started-at="2024-05-31T10:05:48 IST" name="Default suite" finished-at="2024-05-31T10:05:50 IST" duration-ms="2630">
    <groups>
    </groups>
    <test started-at="2024-05-31T10:05:48 IST" name="Default test" finished-at="2024-05-31T10:05:50 IST" duration-ms="2630">
      <class name="Extent_Report.SampleReport">
        <test-method signature="launchTheReport()[pri:0, instance:Extent_Report.SampleReport@b9b00e0]" started-at="2024-05-31T10:05:48 IST" name="launchTheReport" finished-at="2024-05-31T10:05:50 IST" duration-ms="2454" status="PASS">
          <reporter-output>
          </reporter-output>
        </test-method> <!-- launchTheReport -->
      </class> <!-- Extent_Report.SampleReport -->
    </test> <!-- Default test -->
  </suite> <!-- Default suite -->
</testng-results>
